[debug] [2024-10-22T07:57:16.297Z] ----------------------------------------------------------------------
[debug] [2024-10-22T07:57:16.300Z] Command:       C:\Program Files\nodejs\node.exe C:\Program Files\nodejs\node_modules\firebase-tools\lib\bin\firebase.js deploy
[debug] [2024-10-22T07:57:16.300Z] CLI Version:   13.22.1
[debug] [2024-10-22T07:57:16.300Z] Platform:      win32
[debug] [2024-10-22T07:57:16.301Z] Node Version:  v20.11.1
[debug] [2024-10-22T07:57:16.301Z] Time:          Tue Oct 22 2024 15:57:16 GMT+0800 (台北標準時間)
[debug] [2024-10-22T07:57:16.301Z] ----------------------------------------------------------------------
[debug] 
[debug] [2024-10-22T07:57:16.365Z] > command requires scopes: ["email","openid","https://www.googleapis.com/auth/cloudplatformprojects.readonly","https://www.googleapis.com/auth/firebase","https://www.googleapis.com/auth/cloud-platform"]
[debug] [2024-10-22T07:57:16.366Z] > authorizing via signed-in user (a06220615@gmail.com)
[debug] [2024-10-22T07:57:16.366Z] [iam] checking project pokerpoker-online for permissions ["firebase.projects.get","firebasehosting.sites.update"]
[debug] [2024-10-22T07:57:16.367Z] Checked if tokens are valid: true, expires at: 1729584947589
[debug] [2024-10-22T07:57:16.368Z] Checked if tokens are valid: true, expires at: 1729584947589
[debug] [2024-10-22T07:57:16.369Z] >>> [apiv2][query] POST https://cloudresourcemanager.googleapis.com/v1/projects/pokerpoker-online:testIamPermissions [none]
[debug] [2024-10-22T07:57:16.369Z] >>> [apiv2][(partial)header] POST https://cloudresourcemanager.googleapis.com/v1/projects/pokerpoker-online:testIamPermissions x-goog-quota-user=projects/pokerpoker-online
[debug] [2024-10-22T07:57:16.369Z] >>> [apiv2][body] POST https://cloudresourcemanager.googleapis.com/v1/projects/pokerpoker-online:testIamPermissions {"permissions":["firebase.projects.get","firebasehosting.sites.update"]}
[debug] [2024-10-22T07:57:17.222Z] <<< [apiv2][status] POST https://cloudresourcemanager.googleapis.com/v1/projects/pokerpoker-online:testIamPermissions 200
[debug] [2024-10-22T07:57:17.222Z] <<< [apiv2][body] POST https://cloudresourcemanager.googleapis.com/v1/projects/pokerpoker-online:testIamPermissions {"permissions":["firebase.projects.get","firebasehosting.sites.update"]}
[debug] [2024-10-22T07:57:17.223Z] Checked if tokens are valid: true, expires at: 1729584947589
[debug] [2024-10-22T07:57:17.223Z] Checked if tokens are valid: true, expires at: 1729584947589
[debug] [2024-10-22T07:57:17.223Z] >>> [apiv2][query] GET https://firebase.googleapis.com/v1beta1/projects/pokerpoker-online [none]
[debug] [2024-10-22T07:57:17.577Z] <<< [apiv2][status] GET https://firebase.googleapis.com/v1beta1/projects/pokerpoker-online 200
[debug] [2024-10-22T07:57:17.578Z] <<< [apiv2][body] GET https://firebase.googleapis.com/v1beta1/projects/pokerpoker-online {"projectId":"pokerpoker-online","projectNumber":"749099439974","displayName":"PokerPoker-Online","name":"projects/pokerpoker-online","resources":{"hostingSite":"pokerpoker-online","storageBucket":"pokerpoker-online.appspot.com","locationId":"asia-east1"},"state":"ACTIVE","etag":"1_72221af9-a879-4ab0-878d-64b66b30c9b7"}
[info] 
[info] === Deploying to 'pokerpoker-online'...
[info] 
[info] i  deploying hosting 
[debug] [2024-10-22T07:57:17.586Z] Checked if tokens are valid: true, expires at: 1729584947589
[debug] [2024-10-22T07:57:17.586Z] Checked if tokens are valid: true, expires at: 1729584947589
[debug] [2024-10-22T07:57:17.586Z] >>> [apiv2][query] POST https://firebasehosting.googleapis.com/v1beta1/projects/-/sites/pokerpoker-online/versions [none]
[debug] [2024-10-22T07:57:17.586Z] >>> [apiv2][body] POST https://firebasehosting.googleapis.com/v1beta1/projects/-/sites/pokerpoker-online/versions {"status":"CREATED","labels":{"deployment-tool":"cli-firebase"}}
